GET /users 200 2 - 73.237 ms
POST /addUser 200 10 - 265.589 ms
GET /users 200 72 - 36.585 ms
POST /addUser 200 10 - 10.571 ms
GET /users 200 148 - 8.101 ms
POST /addUser 200 10 - 6.882 ms
GET /users 200 227 - 6.436 ms
GET /users 200 148 - 69.999 ms
GET /users 200 148 - 6.089 ms
GET /users 200 148 - 22.949 ms
GET /favicon.ico 404 150 - 14.700 ms
POST /addUser 200 10 - 177.736 ms
GET /users 200 216 - 13.268 ms
GET /users 304 - - 72.681 ms
GET /users?id=2 200 77 - 18.336 ms
GET /users?id=3 200 2 - 7.719 ms
GET /users?city=%22newYork 200 2 - 61.693 ms
GET /users 304 - - 20.696 ms
GET /users?city=Newyork 200 145 - 8.476 ms
GET /users 200 216 - 265.953 ms
PUT /updateUser 200 12 - 386.543 ms
GET /users 200 216 - 7.157 ms
GET /users 200 216 - 7.404 ms
PUT /updateUser 200 12 - 138.533 ms
GET /users 200 216 - 24.702 ms
PUT /updateUser 200 12 - 10.100 ms
GET /users 200 216 - 8.352 ms
PUT /updateUser 200 12 - 168.915 ms
GET /users 200 232 - 27.311 ms
PUT /updateUser 200 12 - 12.047 ms
GET /users 200 231 - 8.316 ms
DELETE /deleteUser 200 12 - 140.646 ms
GET /users 200 155 - 27.184 ms
POST /addUser 200 10 - 150.114 ms
GET /users 200 231 - 23.976 ms
GET / 500 1424 - 30.550 ms
GET /admin 404 144 - 18.987 ms
GET /new 200 2273 - 65.196 ms
GET /favicon.ico 404 150 - 6.233 ms
GET /new 200 2273 - 65.611 ms
POST /addUser 302 46 - 180.485 ms
GET / 500 1424 - 11.792 ms
GET /users 200 313 - 28.493 ms
GET / 200 11242 - 153.161 ms
GET / 200 11505 - 26.725 ms
GET / 200 11422 - 19.873 ms
GET / 200 11505 - 25.613 ms
GET /users?id=3 304 - - 16.340 ms
GET /users?id=3 304 - - 5.932 ms
GET /users?id=2 304 - - 7.090 ms
GET /users?id=5201 200 83 - 6.018 ms
GET /users?id=1 200 72 - 6.268 ms
GET /users?id=4 200 84 - 9.600 ms
DELETE /deleteUser 200 12 - 188.537 ms
GET / 200 10767 - 15.773 ms
GET /users?id=4 304 - - 6.577 ms
PUT /updateUser 200 12 - 19.874 ms
GET / 200 10772 - 17.712 ms
GET /users?id=2 304 - - 8.345 ms
GET /new 200 2273 - 8.933 ms
POST /addUser 302 46 - 83.644 ms
GET / 200 11505 - 17.682 ms
GET /users?id=7155 200 72 - 6.198 ms
