GET / 200 16 - 91.803 ms
GET /favicon.ico 404 150 - 6.338 ms
GET /city 200 884 - 3.650 ms
GET /city 304 - - 292.240 ms
GET /city/details 200 12 - 4.851 ms
GET /restaurants/details 200 19 - 6.569 ms
GET /restaurants 200 3676 - 2.148 ms
GET /restaurants 304 - - 19.767 ms
GET /restaurants 304 - - 21.330 ms
GET /restaurants 304 - - 125.436 ms
GET /restaurants 304 - - 2.665 ms
GET / 500 1554 - 28.933 ms
GET / 500 1554 - 4.832 ms
GET / 200 20 - 101.714 ms
GET / 200 20 - 186.257 ms
GET /favicon.ico 404 150 - 13.879 ms
GET /restaurant 404 149 - 3.033 ms
GET /restaurants 200 3676 - 5.536 ms
GET / 200 9525 - 182.691 ms
GET /css/bootstrap.min.css 200 109518 - 18.033 ms
GET /css/styles.css 200 2512 - 17.180 ms
GET /js/bootstrap.min.js 200 31819 - 3.824 ms
GET /fonts/glyphicons-halflings-regular.woff 404 178 - 10.159 ms
GET /fonts/glyphicons-halflings-regular.ttf 404 177 - 1.996 ms
GET / 200 9524 - 52.748 ms
GET /css/bootstrap.min.css 304 - - 9.471 ms
GET /css/styles.css 304 - - 2.112 ms
GET /js/bootstrap.min.js 304 - - 1.636 ms
GET /fonts/glyphicons-halflings-regular.woff 404 178 - 11.561 ms
GET /fonts/glyphicons-halflings-regular.ttf 404 177 - 2.622 ms
GET /city 200 9525 - 48.412 ms
GET /css/bootstrap.min.css 304 - - 9.369 ms
GET /css/styles.css 304 - - 2.916 ms
GET /js/bootstrap.min.js 304 - - 5.039 ms
GET /js/bootstrap.min.js 304 - - 2.855 ms
GET /fonts/glyphicons-halflings-regular.woff 404 178 - 14.232 ms
GET /fonts/glyphicons-halflings-regular.ttf 404 177 - 3.256 ms
GET /city 200 9524 - 10.386 ms
GET /css/bootstrap.min.css 304 - - 5.302 ms
GET /css/styles.css 304 - - 4.622 ms
GET /js/bootstrap.min.js 304 - - 1.850 ms
GET /fonts/glyphicons-halflings-regular.woff 404 178 - 7.888 ms
GET /fonts/glyphicons-halflings-regular.ttf 404 177 - 3.070 ms
GET /restauranthome 404 153 - 11.983 ms
GET /restaurants 200 9531 - 12.178 ms
GET /css/bootstrap.min.css 304 - - 2.916 ms
GET /css/styles.css 304 - - 2.909 ms
GET /js/bootstrap.min.js 304 - - 2.581 ms
GET /fonts/glyphicons-halflings-regular.woff 404 178 - 4.056 ms
GET /fonts/glyphicons-halflings-regular.ttf 404 177 - 3.682 ms
GET /restaurants 200 18760 - 74.476 ms
GET /css/bootstrap.min.css 304 - - 12.512 ms
GET /css/styles.css 304 - - 12.115 ms
GET /js/bootstrap.min.js 304 - - 3.076 ms
GET /fonts/glyphicons-halflings-regular.woff 404 178 - 8.916 ms
GET /fonts/glyphicons-halflings-regular.ttf 404 177 - 5.077 ms
GET /restaurants 200 18130 - 6.884 ms
GET /css/bootstrap.min.css 304 - - 4.701 ms
GET /css/styles.css 304 - - 5.971 ms
GET /js/bootstrap.min.js 304 - - 2.345 ms
GET /fonts/glyphicons-halflings-regular.woff 404 178 - 2.806 ms
GET /fonts/glyphicons-halflings-regular.ttf 404 177 - 4.349 ms
GET /restaurants 304 - - 14.375 ms
GET /css/bootstrap.min.css 304 - - 4.688 ms
GET /css/styles.css 304 - - 2.220 ms
GET /js/bootstrap.min.js 304 - - 2.032 ms
GET /fonts/glyphicons-halflings-regular.woff 404 178 - 4.623 ms
GET /fonts/glyphicons-halflings-regular.ttf 404 177 - 2.120 ms
GET /restaurants 200 18316 - 12.189 ms
GET /css/bootstrap.min.css 304 - - 4.584 ms
GET /css/styles.css 304 - - 2.843 ms
GET /js/bootstrap.min.js 304 - - 4.113 ms
GET /fonts/glyphicons-halflings-regular.woff 404 178 - 3.513 ms
GET /fonts/glyphicons-halflings-regular.ttf 404 177 - 2.456 ms
GET /restaurants 200 18869 - 10.027 ms
GET /css/bootstrap.min.css 304 - - 1.678 ms
GET /css/styles.css 304 - - 1.618 ms
GET /js/bootstrap.min.js 304 - - 5.383 ms
GET /fonts/glyphicons-halflings-regular.woff 404 178 - 2.598 ms
GET /fonts/glyphicons-halflings-regular.ttf 404 177 - 7.473 ms
GET /restaurants 200 18628 - 11.808 ms
GET /css/bootstrap.min.css 304 - - 5.615 ms
GET /css/styles.css 304 - - 7.597 ms
GET /js/bootstrap.min.js 304 - - 2.503 ms
GET /fonts/glyphicons-halflings-regular.woff 404 178 - 13.424 ms
GET /fonts/glyphicons-halflings-regular.ttf 404 177 - 1.724 ms
GET / 200 9272 - 15.233 ms
GET /css/styles.css 200 2512 - 7.700 ms
GET /css/bootstrap.min.css 200 109518 - 10.953 ms
GET /js/bootstrap.min.js 200 31819 - 8.442 ms
GET /fonts/glyphicons-halflings-regular.woff 404 178 - 1.907 ms
GET /fonts/glyphicons-halflings-regular.ttf 404 177 - 0.388 ms
GET /favicon.ico 404 150 - 0.440 ms
GET /restaurants 200 18184 - 2.503 ms
GET /css/bootstrap.min.css 304 - - 1.069 ms
GET /css/styles.css 304 - - 1.263 ms
GET /js/bootstrap.min.js 304 - - 0.599 ms
GET /fonts/glyphicons-halflings-regular.woff 404 178 - 1.166 ms
GET /fonts/glyphicons-halflings-regular.ttf 404 177 - 3.240 ms
GET /city 200 9272 - 2.090 ms
GET /css/bootstrap.min.css 304 - - 0.707 ms
GET /css/styles.css 304 - - 1.016 ms
GET /js/bootstrap.min.js 304 - - 0.562 ms
GET /fonts/glyphicons-halflings-regular.woff 404 178 - 0.478 ms
GET /fonts/glyphicons-halflings-regular.ttf 404 177 - 2.003 ms
GET /city 200 9862 - 12.925 ms
GET /css/bootstrap.min.css 304 - - 1.605 ms
GET /css/styles.css 304 - - 1.486 ms
GET /js/bootstrap.min.js 304 - - 0.439 ms
GET /fonts/glyphicons-halflings-regular.woff 404 178 - 1.240 ms
GET /fonts/glyphicons-halflings-regular.ttf 404 177 - 0.591 ms
GET /restaurants 200 18119 - 10.540 ms
GET /css/styles.css 304 - - 1.410 ms
GET /css/bootstrap.min.css 304 - - 1.408 ms
GET /js/bootstrap.min.js 304 - - 0.377 ms
GET /fonts/glyphicons-halflings-regular.woff 404 178 - 1.460 ms
GET /fonts/glyphicons-halflings-regular.ttf 404 177 - 0.455 ms
GET /restaurants 304 - - 11.405 ms
GET /css/bootstrap.min.css 304 - - 1.275 ms
GET /css/styles.css 304 - - 1.254 ms
GET /js/bootstrap.min.js 304 - - 0.535 ms
GET /fonts/glyphicons-halflings-regular.woff 404 178 - 2.096 ms
GET /fonts/glyphicons-halflings-regular.ttf 404 177 - 1.580 ms
GET /city 200 9821 - 2.189 ms
GET /css/bootstrap.min.css 304 - - 1.060 ms
GET /css/styles.css 304 - - 0.936 ms
GET /js/bootstrap.min.js 304 - - 0.397 ms
GET /fonts/glyphicons-halflings-regular.woff 404 178 - 0.453 ms
GET /fonts/glyphicons-halflings-regular.ttf 404 177 - 0.597 ms
GET /city 304 - - 8.741 ms
GET /css/bootstrap.min.css 304 - - 1.145 ms
GET /css/styles.css 304 - - 1.168 ms
GET /js/bootstrap.min.js 304 - - 0.343 ms
GET /fonts/glyphicons-halflings-regular.woff 404 178 - 1.481 ms
GET /fonts/glyphicons-halflings-regular.ttf 404 177 - 0.454 ms
GET / 200 9225 - 2.470 ms
GET /css/bootstrap.min.css 304 - - 0.646 ms
GET /css/styles.css 304 - - 0.749 ms
GET /js/bootstrap.min.js 304 - - 0.380 ms
GET /fonts/glyphicons-halflings-regular.woff 404 178 - 0.464 ms
GET /fonts/glyphicons-halflings-regular.ttf 404 177 - 0.542 ms
GET /restaurants 304 - - 2.091 ms
GET /css/bootstrap.min.css 304 - - 0.603 ms
GET /css/styles.css 304 - - 0.763 ms
GET /js/bootstrap.min.js 304 - - 0.731 ms
GET /fonts/glyphicons-halflings-regular.woff 404 178 - 0.542 ms
GET /fonts/glyphicons-halflings-regular.ttf 404 177 - 1.665 ms
GET /city 304 - - 1.887 ms
GET /css/bootstrap.min.css 304 - - 0.671 ms
GET /css/styles.css 304 - - 0.656 ms
GET /js/bootstrap.min.js 304 - - 0.829 ms
GET /fonts/glyphicons-halflings-regular.woff 404 178 - 0.400 ms
GET /fonts/glyphicons-halflings-regular.ttf 404 177 - 0.638 ms
GET /restaurants 304 - - 1.742 ms
GET /css/bootstrap.min.css 304 - - 0.522 ms
GET /css/styles.css 304 - - 0.522 ms
GET /js/bootstrap.min.js 304 - - 0.366 ms
GET /fonts/glyphicons-halflings-regular.woff 404 178 - 0.451 ms
GET /fonts/glyphicons-halflings-regular.ttf 404 177 - 0.495 ms
GET / 304 - - 1.689 ms
GET /css/bootstrap.min.css 304 - - 0.534 ms
GET /css/styles.css 304 - - 0.530 ms
GET /js/bootstrap.min.js 304 - - 0.391 ms
GET /fonts/glyphicons-halflings-regular.woff 404 178 - 0.616 ms
GET /fonts/glyphicons-halflings-regular.ttf 404 177 - 0.382 ms
GET /restaurants 304 - - 1.800 ms
GET /css/bootstrap.min.css 304 - - 0.606 ms
GET /css/styles.css 304 - - 0.576 ms
GET /js/bootstrap.min.js 304 - - 0.346 ms
GET /fonts/glyphicons-halflings-regular.woff 404 178 - 1.410 ms
GET /fonts/glyphicons-halflings-regular.ttf 404 177 - 0.364 ms
GET /city 304 - - 1.393 ms
GET /css/bootstrap.min.css 304 - - 0.455 ms
GET /css/styles.css 304 - - 0.498 ms
GET /js/bootstrap.min.js 304 - - 0.284 ms
GET /fonts/glyphicons-halflings-regular.woff 404 178 - 0.630 ms
GET /fonts/glyphicons-halflings-regular.ttf 404 177 - 0.407 ms
GET / 304 - - 1.319 ms
GET /css/bootstrap.min.css 304 - - 0.531 ms
GET /css/styles.css 304 - - 0.891 ms
GET /js/bootstrap.min.js 304 - - 1.178 ms
GET /fonts/glyphicons-halflings-regular.woff 404 178 - 1.569 ms
GET /fonts/glyphicons-halflings-regular.ttf 404 177 - 0.436 ms
GET /restaurants 304 - - 1.653 ms
GET /css/bootstrap.min.css 304 - - 0.534 ms
GET /css/styles.css 304 - - 0.555 ms
GET /js/bootstrap.min.js 304 - - 1.519 ms
GET /fonts/glyphicons-halflings-regular.woff 404 178 - 0.603 ms
GET /fonts/glyphicons-halflings-regular.ttf 404 177 - 0.356 ms
GET /city 304 - - 1.621 ms
GET /css/bootstrap.min.css 304 - - 0.381 ms
GET /css/styles.css 304 - - 0.602 ms
GET /js/bootstrap.min.js 304 - - 0.671 ms
GET /fonts/glyphicons-halflings-regular.woff 404 178 - 0.393 ms
GET /fonts/glyphicons-halflings-regular.ttf 404 177 - 0.426 ms
GET /restaurants 304 - - 1.976 ms
GET /css/bootstrap.min.css 304 - - 1.135 ms
GET /css/styles.css 304 - - 1.114 ms
GET /js/bootstrap.min.js 304 - - 0.360 ms
GET /fonts/glyphicons-halflings-regular.woff 404 178 - 0.510 ms
GET /fonts/glyphicons-halflings-regular.ttf 404 177 - 0.562 ms
GET / 304 - - 1.699 ms
GET /css/bootstrap.min.css 304 - - 0.720 ms
GET /css/styles.css 304 - - 0.728 ms
GET /js/bootstrap.min.js 304 - - 0.296 ms
GET /fonts/glyphicons-halflings-regular.woff 404 178 - 1.478 ms
GET /fonts/glyphicons-halflings-regular.ttf 404 177 - 0.436 ms
GET /restaurants 304 - - 1.600 ms
GET /css/bootstrap.min.css 304 - - 0.536 ms
GET /css/styles.css 304 - - 0.473 ms
GET /js/bootstrap.min.js 304 - - 0.456 ms
GET /fonts/glyphicons-halflings-regular.woff 404 178 - 0.372 ms
GET /fonts/glyphicons-halflings-regular.ttf 404 177 - 0.403 ms
GET /city 304 - - 1.246 ms
GET /css/bootstrap.min.css 304 - - 0.635 ms
GET /css/styles.css 304 - - 1.664 ms
GET /js/bootstrap.min.js 304 - - 0.284 ms
GET /fonts/glyphicons-halflings-regular.woff 404 178 - 0.456 ms
GET /fonts/glyphicons-halflings-regular.ttf 404 177 - 0.358 ms
GET / 304 - - 9.697 ms
GET /css/styles.css 304 - - 1.370 ms
GET /css/bootstrap.min.css 304 - - 1.675 ms
GET /js/bootstrap.min.js 304 - - 0.479 ms
GET /fonts/glyphicons-halflings-regular.woff 404 178 - 1.439 ms
GET /fonts/glyphicons-halflings-regular.ttf 404 177 - 0.388 ms
GET /restaurants 304 - - 2.490 ms
GET /css/bootstrap.min.css 304 - - 2.662 ms
GET /css/styles.css 304 - - 3.064 ms
GET /js/bootstrap.min.js 304 - - 0.956 ms
GET /fonts/glyphicons-halflings-regular.woff 404 178 - 0.613 ms
GET /fonts/glyphicons-halflings-regular.ttf 404 177 - 0.380 ms
GET /city 304 - - 2.172 ms
GET /css/bootstrap.min.css 304 - - 0.612 ms
GET /css/styles.css 304 - - 0.733 ms
GET /js/bootstrap.min.js 304 - - 0.386 ms
GET /fonts/glyphicons-halflings-regular.woff 404 178 - 0.517 ms
GET /fonts/glyphicons-halflings-regular.ttf 404 177 - 0.622 ms
GET /restaurants 304 - - 1.619 ms
GET /css/bootstrap.min.css 304 - - 0.563 ms
GET /css/styles.css 304 - - 0.567 ms
GET /js/bootstrap.min.js 304 - - 0.701 ms
GET /fonts/glyphicons-halflings-regular.woff 404 178 - 0.439 ms
GET /fonts/glyphicons-halflings-regular.ttf 404 177 - 0.488 ms
GET / 304 - - 2.642 ms
GET /css/bootstrap.min.css 304 - - 0.591 ms
GET /css/styles.css 304 - - 0.570 ms
GET /js/bootstrap.min.js 304 - - 0.795 ms
GET /fonts/glyphicons-halflings-regular.woff 404 178 - 0.502 ms
GET /fonts/glyphicons-halflings-regular.ttf 404 177 - 0.402 ms
GET / 200 9305 - 8.528 ms
GET /css/bootstrap.min.css 304 - - 1.337 ms
GET /css/styles.css 304 - - 1.424 ms
GET /js/bootstrap.min.js 304 - - 0.870 ms
GET /fonts/glyphicons-halflings-regular.woff 404 178 - 1.175 ms
GET /fonts/glyphicons-halflings-regular.ttf 404 177 - 0.429 ms
GET / 304 - - 1.594 ms
GET /css/bootstrap.min.css 304 - - 0.573 ms
GET /css/styles.css 304 - - 0.632 ms
GET /js/bootstrap.min.js 304 - - 0.336 ms
GET /fonts/glyphicons-halflings-regular.woff 404 178 - 0.453 ms
GET /fonts/glyphicons-halflings-regular.ttf 404 177 - 0.458 ms
GET /restaurants 200 18193 - 2.267 ms
GET /css/bootstrap.min.css 304 - - 0.664 ms
GET /css/styles.css 304 - - 1.098 ms
GET /js/bootstrap.min.js 304 - - 0.988 ms
GET /fonts/glyphicons-halflings-regular.woff 404 178 - 0.426 ms
GET /fonts/glyphicons-halflings-regular.ttf 404 177 - 0.497 ms
GET /city 200 9903 - 2.301 ms
GET /css/bootstrap.min.css 304 - - 0.583 ms
GET /css/styles.css 304 - - 0.587 ms
GET /js/bootstrap.min.js 304 - - 0.472 ms
GET /fonts/glyphicons-halflings-regular.woff 404 178 - 0.437 ms
GET /fonts/glyphicons-halflings-regular.ttf 404 177 - 0.403 ms
GET /restaurants 304 - - 2.517 ms
GET /css/bootstrap.min.css 304 - - 0.551 ms
GET /css/styles.css 304 - - 0.576 ms
GET /js/bootstrap.min.js 304 - - 2.749 ms
GET /fonts/glyphicons-halflings-regular.woff 404 178 - 0.398 ms
GET /fonts/glyphicons-halflings-regular.ttf 404 177 - 0.420 ms
GET /restaurants 304 - - 43.827 ms
GET /css/styles.css 304 - - 1.295 ms
GET /css/bootstrap.min.css 304 - - 1.350 ms
GET /js/bootstrap.min.js 304 - - 0.612 ms
GET /fonts/glyphicons-halflings-regular.woff 404 178 - 1.549 ms
GET /fonts/glyphicons-halflings-regular.ttf 404 177 - 0.425 ms
GET /restaurants 304 - - 8.201 ms
GET /css/bootstrap.min.css 304 - - 1.340 ms
GET /css/styles.css 304 - - 1.014 ms
GET /js/bootstrap.min.js 304 - - 1.745 ms
GET /fonts/glyphicons-halflings-regular.woff 404 178 - 0.542 ms
GET /fonts/glyphicons-halflings-regular.ttf 404 177 - 0.495 ms
GET / 304 - - 3.823 ms
GET /css/bootstrap.min.css 304 - - 0.380 ms
GET /css/styles.css 304 - - 0.382 ms
GET /js/bootstrap.min.js 304 - - 0.458 ms
GET /fonts/glyphicons-halflings-regular.woff 404 178 - 1.089 ms
GET /fonts/glyphicons-halflings-regular.ttf 404 177 - 0.452 ms
GET /restaurants 304 - - 7.339 ms
GET /css/bootstrap.min.css 304 - - 0.670 ms
GET /css/styles.css 304 - - 0.900 ms
GET /js/bootstrap.min.js 304 - - 0.841 ms
GET /fonts/glyphicons-halflings-regular.woff 404 178 - 0.643 ms
GET /fonts/glyphicons-halflings-regular.ttf 404 177 - 0.427 ms
GET /city 304 - - 1.860 ms
GET /css/bootstrap.min.css 304 - - 0.817 ms
GET /css/styles.css 304 - - 0.842 ms
GET /js/bootstrap.min.js 304 - - 0.278 ms
GET /fonts/glyphicons-halflings-regular.woff 404 178 - 1.174 ms
GET /fonts/glyphicons-halflings-regular.ttf 404 177 - 0.338 ms
GET /restaurants 304 - - 7.154 ms
GET /css/bootstrap.min.css 304 - - 0.754 ms
GET /css/styles.css 304 - - 0.942 ms
GET /js/bootstrap.min.js 304 - - 0.266 ms
GET /fonts/glyphicons-halflings-regular.woff 404 178 - 2.463 ms
GET /fonts/glyphicons-halflings-regular.ttf 404 177 - 0.580 ms
GET /restaurants 304 - - 6.891 ms
GET /css/bootstrap.min.css 304 - - 0.331 ms
GET /css/styles.css 304 - - 0.417 ms
GET /js/bootstrap.min.js 304 - - 0.262 ms
GET /fonts/glyphicons-halflings-regular.woff 404 178 - 0.433 ms
GET /fonts/glyphicons-halflings-regular.ttf 404 177 - 0.757 ms
GET /restaurants 304 - - 6.327 ms
GET /css/bootstrap.min.css 304 - - 0.623 ms
GET /css/styles.css 304 - - 0.566 ms
GET /js/bootstrap.min.js 304 - - 0.284 ms
GET /fonts/glyphicons-halflings-regular.woff 404 178 - 0.886 ms
GET /fonts/glyphicons-halflings-regular.ttf 404 177 - 0.482 ms
GET /restaurants 304 - - 6.194 ms
GET /css/bootstrap.min.css 304 - - 0.703 ms
GET /css/styles.css 304 - - 0.725 ms
GET /js/bootstrap.min.js 304 - - 0.635 ms
GET /fonts/glyphicons-halflings-regular.woff 404 178 - 0.804 ms
GET /fonts/glyphicons-halflings-regular.ttf 404 177 - 0.522 ms
GET /city 304 - - 32.876 ms
GET /css/bootstrap.min.css 304 - - 2.100 ms
GET /css/styles.css 304 - - 0.704 ms
GET /js/bootstrap.min.js 304 - - 1.185 ms
GET /fonts/glyphicons-halflings-regular.woff 404 178 - 1.968 ms
GET /fonts/glyphicons-halflings-regular.ttf 404 177 - 0.387 ms
GET / 200 9305 - 16.711 ms
GET /css/bootstrap.min.css 200 109518 - 4.197 ms
GET /css/styles.css 200 2512 - 4.378 ms
GET /js/bootstrap.min.js 200 31819 - 1.191 ms
GET /fonts/glyphicons-halflings-regular.woff 404 178 - 1.270 ms
GET /fonts/glyphicons-halflings-regular.ttf 404 177 - 0.435 ms
GET /restaurants 200 18193 - 41.664 ms
GET /css/bootstrap.min.css 304 - - 1.215 ms
GET /css/styles.css 304 - - 1.425 ms
GET /js/bootstrap.min.js 304 - - 4.078 ms
GET /fonts/glyphicons-halflings-regular.woff 404 178 - 0.654 ms
GET /fonts/glyphicons-halflings-regular.ttf 404 177 - 0.420 ms
GET /restaurants 304 - - 47.659 ms
GET /css/bootstrap.min.css 304 - - 1.205 ms
GET /css/styles.css 304 - - 0.415 ms
GET /js/bootstrap.min.js 304 - - 0.583 ms
GET /fonts/glyphicons-halflings-regular.woff 404 178 - 2.160 ms
GET /fonts/glyphicons-halflings-regular.ttf 404 177 - 0.432 ms
GET /restaurants/details/123334 200 5665 - 10.008 ms
GET /restaurants/details/css/bootstrap.min.css 404 180 - 0.501 ms
GET /restaurants/details/css/styles.css 404 173 - 0.511 ms
GET /restaurants/details/js/bootstrap.min.js 404 178 - 1.167 ms
GET /restaurants/details/123334 200 5667 - 8.648 ms
GET /css/bootstrap.min.css 304 - - 0.810 ms
GET /css/styles.css 304 - - 0.928 ms
GET /restaurants/details/js/bootstrap.min.js 404 178 - 0.551 ms
GET /restaurants/details/js/bootstrap.min.js 404 178 - 0.543 ms
GET /fonts/glyphicons-halflings-regular.woff 404 178 - 0.449 ms
GET /fonts/glyphicons-halflings-regular.ttf 404 177 - 0.432 ms
GET /restaurants 200 18577 - 8.772 ms
GET /css/bootstrap.min.css 304 - - 0.490 ms
GET /css/styles.css 304 - - 0.434 ms
GET /js/bootstrap.min.js 304 - - 0.542 ms
GET /fonts/glyphicons-halflings-regular.woff 404 178 - 1.256 ms
GET /fonts/glyphicons-halflings-regular.ttf 404 177 - 0.562 ms
GET /restaurants/details/6360 200 5958 - 7.762 ms
GET /css/bootstrap.min.css 304 - - 0.609 ms
GET /css/styles.css 304 - - 0.626 ms
GET /restaurants/details/js/bootstrap.min.js 404 178 - 0.459 ms
GET /restaurants/details/js/bootstrap.min.js 404 178 - 0.547 ms
GET /fonts/glyphicons-halflings-regular.woff 404 178 - 2.943 ms
GET /fonts/glyphicons-halflings-regular.ttf 404 177 - 0.936 ms
GET /restaurants 304 - - 8.390 ms
GET /css/bootstrap.min.css 304 - - 0.826 ms
GET /css/styles.css 304 - - 0.886 ms
GET /js/bootstrap.min.js 304 - - 0.450 ms
GET /fonts/glyphicons-halflings-regular.woff 404 178 - 0.526 ms
GET /fonts/glyphicons-halflings-regular.ttf 404 177 - 0.396 ms
GET /restaurants/details/18453961 200 5952 - 6.998 ms
GET /css/bootstrap.min.css 304 - - 1.304 ms
GET /css/styles.css 304 - - 0.671 ms
GET /restaurants/details/js/bootstrap.min.js 404 178 - 0.463 ms
GET /restaurants/details/js/bootstrap.min.js 404 178 - 0.520 ms
GET /fonts/glyphicons-halflings-regular.woff 404 178 - 0.514 ms
GET /fonts/glyphicons-halflings-regular.ttf 404 177 - 0.371 ms
GET /restaurants 304 - - 7.481 ms
GET /css/bootstrap.min.css 304 - - 0.585 ms
GET /css/styles.css 304 - - 0.539 ms
GET /js/bootstrap.min.js 304 - - 0.940 ms
GET /fonts/glyphicons-halflings-regular.woff 404 178 - 1.730 ms
GET /fonts/glyphicons-halflings-regular.ttf 404 177 - 1.271 ms
GET /restaurants/details/6360 304 - - 6.550 ms
GET /css/bootstrap.min.css 304 - - 0.294 ms
GET /css/styles.css 304 - - 1.377 ms
GET /restaurants/details/js/bootstrap.min.js 404 178 - 0.480 ms
GET /restaurants/details/js/bootstrap.min.js 404 178 - 0.424 ms
GET /fonts/glyphicons-halflings-regular.woff 404 178 - 0.593 ms
GET /fonts/glyphicons-halflings-regular.ttf 404 177 - 0.595 ms
GET /restaurants 200 18652 - 43.801 ms
GET /css/bootstrap.min.css 304 - - 2.876 ms
GET /css/styles.css 304 - - 3.294 ms
GET /js/bootstrap.min.js 304 - - 0.984 ms
GET /fonts/glyphicons-halflings-regular.woff 404 178 - 4.129 ms
GET /fonts/glyphicons-halflings-regular.ttf 404 177 - 0.457 ms
GET /restaurants/details/6360/test 200 5958 - 9.209 ms
GET /css/bootstrap.min.css 304 - - 0.791 ms
GET /css/styles.css 304 - - 0.904 ms
GET /restaurants/details/6360/js/bootstrap.min.js 404 183 - 0.709 ms
GET /restaurants/details/6360/js/bootstrap.min.js 404 183 - 0.560 ms
GET /fonts/glyphicons-halflings-regular.woff 404 178 - 0.929 ms
GET /fonts/glyphicons-halflings-regular.ttf 404 177 - 0.829 ms
GET /restaurants 304 - - 42.001 ms
GET /css/bootstrap.min.css 304 - - 0.910 ms
GET /css/styles.css 304 - - 0.464 ms
GET /js/bootstrap.min.js 304 - - 1.913 ms
GET /fonts/glyphicons-halflings-regular.woff 404 178 - 4.578 ms
GET /fonts/glyphicons-halflings-regular.ttf 404 177 - 0.604 ms
